<?xml version="1.0" encoding="UTF-8"?>
<!-- Generated by org.testng.reporters.JUnitReportReporter -->
<testsuite hostname="CIPL-LPT-1382" failures="0" tests="1" name="testcases.scenario" time="14.718" errors="0" timestamp="2023-03-27T11:48:09 IST" skipped="0">
  <testcase classname="testcases.scenario" name="testcase" time="14.718"/>
  <system-out/>
</testsuite> <!-- testcases.scenario -->
