<?xml version="1.0" encoding="UTF-8"?>
<!-- Generated by org.testng.reporters.JUnitReportReporter -->
<testsuite hostname="CIPL-LPT-1382" failures="0" tests="1" name="com.testng.selenium.V1.login_paiment" time="174.290" errors="0" timestamp="2023-03-24T12:13:34 IST" skipped="0">
  <testcase classname="com.testng.selenium.V1.login_paiment" name="loggedin" time="174.290"/>
  <system-out/>
</testsuite> <!-- com.testng.selenium.V1.login_paiment -->
